<?xml version="1.0" encoding="UTF-8"?>
<!-- Generated by org.testng.reporters.JUnitReportReporter -->
<testsuite hostname="EPINHYDW0832" failures="0" tests="13" name="com.epam.testng.CalculatorTest" time="0.022" errors="0" timestamp="2023-04-28T10:55:14 IST" skipped="0">
  <testcase classname="com.epam.testng.CalculatorTest" name="verifyDiv" time="0.000"/>
  <system-out/>
  <testcase classname="com.epam.testng.CalculatorTest" name="verifyDiv" time="0.002"/>
  <system-out/>
  <testcase classname="com.epam.testng.CalculatorTest" name="verifyDiv" time="0.003"/>
  <system-out/>
  <testcase classname="com.epam.testng.CalculatorTest" name="verifyDiv" time="0.000"/>
  <system-out/>
  <testcase classname="com.epam.testng.CalculatorTest" name="verifyDiv" time="0.001"/>
  <system-out/>
  <testcase classname="com.epam.testng.CalculatorTest" name="verifyDiv" time="0.005"/>
  <system-out/>
  <testcase classname="com.epam.testng.CalculatorTest" name="verifyDiv" time="0.002"/>
  <system-out/>
  <testcase classname="com.epam.testng.CalculatorTest" name="verifyDiv" time="0.002"/>
  <system-out/>
  <testcase classname="com.epam.testng.CalculatorTest" name="verifyDiv" time="0.002"/>
  <system-out/>
  <testcase classname="com.epam.testng.CalculatorTest" name="verifyDiv" time="0.002"/>
  <system-out/>
  <testcase classname="com.epam.testng.CalculatorTest" name="verifyDiv" time="0.001"/>
  <system-out/>
  <testcase classname="com.epam.testng.CalculatorTest" name="verifyDiv" time="0.002"/>
  <system-out/>
  <testcase classname="com.epam.testng.CalculatorTest" name="verifyDiv" time="0.000"/>
  <system-out/>
</testsuite> <!-- com.epam.testng.CalculatorTest -->
