<?xml version="1.0" encoding="UTF-8"?>
<testsuite xmlns:xsi="http://www.w3.org/2001/XMLSchema-instance" xsi:noNamespaceSchemaLocation="https://maven.apache.org/surefire/maven-surefire-plugin/xsd/surefire-test-report-3.0.xsd" version="3.0" name="com.epam.testng.CalculatorTest" time="0.581" tests="13" errors="0" skipped="0" failures="0">
  <properties>
    <property name="java.specification.version" value="14"/>
    <property name="sun.cpu.isalist" value="amd64"/>
    <property name="sun.jnu.encoding" value="Cp1252"/>
    <property name="java.class.path" value="C:\RD Training - Jan 2023\rd-training-jan-2023\HomeTask\Module 04 - TestNG\target\test-classes;C:\RD Training - Jan 2023\rd-training-jan-2023\HomeTask\Module 04 - TestNG\target\classes;C:\Users\Abhishek_Bansile\.m2\repository\org\testng\testng\7.7.1\testng-7.7.1.jar;C:\Users\Abhishek_Bansile\.m2\repository\org\slf4j\slf4j-api\1.7.36\slf4j-api-1.7.36.jar;C:\Users\Abhishek_Bansile\.m2\repository\com\beust\jcommander\1.82\jcommander-1.82.jar;C:\Users\Abhishek_Bansile\.m2\repository\org\webjars\jquery\3.6.1\jquery-3.6.1.jar;C:\Users\Abhishek_Bansile\.m2\repository\org\apache\cassandra\cassandra-all\4.1.0\cassandra-all-4.1.0.jar;C:\Users\Abhishek_Bansile\.m2\repository\org\xerial\snappy\snappy-java\1.1.8.4\snappy-java-1.1.8.4.jar;C:\Users\Abhishek_Bansile\.m2\repository\org\lz4\lz4-java\1.8.0\lz4-java-1.8.0.jar;C:\Users\Abhishek_Bansile\.m2\repository\com\google\guava\guava\27.0-jre\guava-27.0-jre.jar;C:\Users\Abhishek_Bansile\.m2\repository\commons-cli\commons-cli\1.1\commons-cli-1.1.jar;C:\Users\Abhishek_Bansile\.m2\repository\commons-codec\commons-codec\1.9\commons-codec-1.9.jar;C:\Users\Abhishek_Bansile\.m2\repository\org\apache\commons\commons-lang3\3.11\commons-lang3-3.11.jar;C:\Users\Abhishek_Bansile\.m2\repository\org\apache\commons\commons-math3\3.2\commons-math3-3.2.jar;C:\Users\Abhishek_Bansile\.m2\repository\org\antlr\ST4\4.0.8\ST4-4.0.8.jar;C:\Users\Abhishek_Bansile\.m2\repository\org\antlr\antlr-runtime\3.5.2\antlr-runtime-3.5.2.jar;C:\Users\Abhishek_Bansile\.m2\repository\org\slf4j\log4j-over-slf4j\1.7.25\log4j-over-slf4j-1.7.25.jar;C:\Users\Abhishek_Bansile\.m2\repository\org\slf4j\jcl-over-slf4j\1.7.25\jcl-over-slf4j-1.7.25.jar;C:\Users\Abhishek_Bansile\.m2\repository\com\fasterxml\jackson\core\jackson-core\2.13.2\jackson-core-2.13.2.jar;C:\Users\Abhishek_Bansile\.m2\repository\com\fasterxml\jackson\core\jackson-databind\2.13.2.2\jackson-databind-2.13.2.2.jar;C:\Users\Abhishek_Bansile\.m2\repository\com\fasterxml\jackson\core\jackson-annotations\2.13.2\jackson-annotations-2.13.2.jar;C:\Users\Abhishek_Bansile\.m2\repository\com\fasterxml\jackson\datatype\jackson-datatype-jsr310\2.13.2\jackson-datatype-jsr310-2.13.2.jar;C:\Users\Abhishek_Bansile\.m2\repository\com\googlecode\json-simple\json-simple\1.1\json-simple-1.1.jar;C:\Users\Abhishek_Bansile\.m2\repository\com\boundary\high-scale-lib\1.0.6\high-scale-lib-1.0.6.jar;C:\Users\Abhishek_Bansile\.m2\repository\org\yaml\snakeyaml\1.26\snakeyaml-1.26.jar;C:\Users\Abhishek_Bansile\.m2\repository\org\mindrot\jbcrypt\0.4\jbcrypt-0.4.jar;C:\Users\Abhishek_Bansile\.m2\repository\io\airlift\airline\0.8\airline-0.8.jar;C:\Users\Abhishek_Bansile\.m2\repository\io\dropwizard\metrics\metrics-core\3.1.5\metrics-core-3.1.5.jar;C:\Users\Abhishek_Bansile\.m2\repository\io\dropwizard\metrics\metrics-jvm\3.1.5\metrics-jvm-3.1.5.jar;C:\Users\Abhishek_Bansile\.m2\repository\io\dropwizard\metrics\metrics-logback\3.1.5\metrics-logback-3.1.5.jar;C:\Users\Abhishek_Bansile\.m2\repository\com\addthis\metrics\reporter-config3\3.0.3\reporter-config3-3.0.3.jar;C:\Users\Abhishek_Bansile\.m2\repository\com\addthis\metrics\reporter-config-base\3.0.3\reporter-config-base-3.0.3.jar;C:\Users\Abhishek_Bansile\.m2\repository\com\clearspring\analytics\stream\2.5.2\stream-2.5.2.jar;C:\Users\Abhishek_Bansile\.m2\repository\ch\qos\logback\logback-core\1.2.9\logback-core-1.2.9.jar;C:\Users\Abhishek_Bansile\.m2\repository\ch\qos\logback\logback-classic\1.2.9\logback-classic-1.2.9.jar;C:\Users\Abhishek_Bansile\.m2\repository\net\java\dev\jna\jna\5.9.0\jna-5.9.0.jar;C:\Users\Abhishek_Bansile\.m2\repository\com\github\jbellis\jamm\0.3.2\jamm-0.3.2.jar;C:\Users\Abhishek_Bansile\.m2\repository\io\netty\netty-all\4.1.58.Final\netty-all-4.1.58.Final.jar;C:\Users\Abhishek_Bansile\.m2\repository\net\openhft\chronicle-queue\5.20.123\chronicle-queue-5.20.123.jar;C:\Users\Abhishek_Bansile\.m2\repository\net\openhft\chronicle-core\2.20.126\chronicle-core-2.20.126.jar;C:\Users\Abhishek_Bansile\.m2\repository\net\openhft\chronicle-bytes\2.20.111\chronicle-bytes-2.20.111.jar;C:\Users\Abhishek_Bansile\.m2\repository\net\openhft\chronicle-wire\2.20.117\chronicle-wire-2.20.117.jar;C:\Users\Abhishek_Bansile\.m2\repository\net\openhft\chronicle-threads\2.20.111\chronicle-threads-2.20.111.jar;C:\Users\Abhishek_Bansile\.m2\repository\org\fusesource\sigar\1.6.4\sigar-1.6.4.jar;C:\Users\Abhishek_Bansile\.m2\repository\org\eclipse\jdt\core\compiler\ecj\4.6.1\ecj-4.6.1.jar;C:\Users\Abhishek_Bansile\.m2\repository\org\caffinitas\ohc\ohc-core\0.5.1\ohc-core-0.5.1.jar;C:\Users\Abhishek_Bansile\.m2\repository\org\caffinitas\ohc\ohc-core-j8\0.5.1\ohc-core-j8-0.5.1.jar;C:\Users\Abhishek_Bansile\.m2\repository\com\github\ben-manes\caffeine\caffeine\2.9.2\caffeine-2.9.2.jar;C:\Users\Abhishek_Bansile\.m2\repository\org\checkerframework\checker-qual\3.10.0\checker-qual-3.10.0.jar;C:\Users\Abhishek_Bansile\.m2\repository\com\google\errorprone\error_prone_annotations\2.5.1\error_prone_annotations-2.5.1.jar;C:\Users\Abhishek_Bansile\.m2\repository\org\jctools\jctools-core\3.1.0\jctools-core-3.1.0.jar;C:\Users\Abhishek_Bansile\.m2\repository\org\ow2\asm\asm\9.1\asm-9.1.jar;C:\Users\Abhishek_Bansile\.m2\repository\com\carrotsearch\hppc\0.8.1\hppc-0.8.1.jar;C:\Users\Abhishek_Bansile\.m2\repository\org\gridkit\jvmtool\sjk-cli\0.14\sjk-cli-0.14.jar;C:\Users\Abhishek_Bansile\.m2\repository\org\gridkit\jvmtool\sjk-core\0.14\sjk-core-0.14.jar;C:\Users\Abhishek_Bansile\.m2\repository\org\gridkit\jvmtool\sjk-stacktrace\0.14\sjk-stacktrace-0.14.jar;C:\Users\Abhishek_Bansile\.m2\repository\org\gridkit\jvmtool\mxdump\0.14\mxdump-0.14.jar;C:\Users\Abhishek_Bansile\.m2\repository\org\gridkit\lab\jvm-attach-api\1.5\jvm-attach-api-1.5.jar;C:\Users\Abhishek_Bansile\.m2\repository\org\gridkit\jvmtool\sjk-json\0.14\sjk-json-0.14.jar;C:\Users\Abhishek_Bansile\.m2\repository\com\github\luben\zstd-jni\1.5.0-4\zstd-jni-1.5.0-4.jar;C:\Users\Abhishek_Bansile\.m2\repository\org\psjava\psjava\0.1.19\psjava-0.1.19.jar;C:\Users\Abhishek_Bansile\.m2\repository\io\netty\netty-tcnative-boringssl-static\2.0.36.Final\netty-tcnative-boringssl-static-2.0.36.Final.jar;C:\Users\Abhishek_Bansile\.m2\repository\javax\inject\javax.inject\1\javax.inject-1.jar;C:\Users\Abhishek_Bansile\.m2\repository\com\google\j2objc\j2objc-annotations\1.3\j2objc-annotations-1.3.jar;C:\Users\Abhishek_Bansile\.m2\repository\org\hdrhistogram\HdrHistogram\2.1.9\HdrHistogram-2.1.9.jar;C:\Users\Abhishek_Bansile\.m2\repository\de\jflex\jflex\1.8.2\jflex-1.8.2.jar;C:\Users\Abhishek_Bansile\.m2\repository\com\github\vbmacher\java-cup-runtime\11b-20160615\java-cup-runtime-11b-20160615.jar;C:\Users\Abhishek_Bansile\.m2\repository\com\github\rholder\snowball-stemmer\1.3.0.581.1\snowball-stemmer-1.3.0.581.1.jar;C:\Users\Abhishek_Bansile\.m2\repository\com\googlecode\concurrent-trees\concurrent-trees\2.4.0\concurrent-trees-2.4.0.jar;C:\Users\Abhishek_Bansile\.m2\repository\com\google\code\findbugs\jsr305\2.0.2\jsr305-2.0.2.jar;C:\Users\Abhishek_Bansile\.m2\repository\com\github\seancfoley\ipaddress\5.3.3\ipaddress-5.3.3.jar;"/>
    <property name="java.vm.vendor" value="Oracle Corporation"/>
    <property name="sun.arch.data.model" value="64"/>
    <property name="user.variant" value=""/>
    <property name="java.vendor.url" value="https://java.oracle.com/"/>
    <property name="user.timezone" value="Asia/Calcutta"/>
    <property name="os.name" value="Windows 10"/>
    <property name="java.vm.specification.version" value="14"/>
    <property name="sun.java.launcher" value="SUN_STANDARD"/>
    <property name="user.country" value="IN"/>
    <property name="sun.boot.library.path" value="C:\Program Files\Java\jdk-14.0.2\bin"/>
    <property name="sun.java.command" value="C:\Users\Abhishek_Bansile\AppData\Local\Temp\surefire8344324768771349439\surefirebooter-20230428105513270_3.jar C:\Users\Abhishek_Bansile\AppData\Local\Temp\surefire8344324768771349439 2023-04-28T10-55-13_157-jvmRun1 surefire-20230428105513270_1tmp surefire_0-20230428105513270_2tmp"/>
    <property name="jdk.debug" value="release"/>
    <property name="test" value="CalculatorTest#verifyDiv"/>
    <property name="surefire.test.class.path" value="C:\RD Training - Jan 2023\rd-training-jan-2023\HomeTask\Module 04 - TestNG\target\test-classes;C:\RD Training - Jan 2023\rd-training-jan-2023\HomeTask\Module 04 - TestNG\target\classes;C:\Users\Abhishek_Bansile\.m2\repository\org\testng\testng\7.7.1\testng-7.7.1.jar;C:\Users\Abhishek_Bansile\.m2\repository\org\slf4j\slf4j-api\1.7.36\slf4j-api-1.7.36.jar;C:\Users\Abhishek_Bansile\.m2\repository\com\beust\jcommander\1.82\jcommander-1.82.jar;C:\Users\Abhishek_Bansile\.m2\repository\org\webjars\jquery\3.6.1\jquery-3.6.1.jar;C:\Users\Abhishek_Bansile\.m2\repository\org\apache\cassandra\cassandra-all\4.1.0\cassandra-all-4.1.0.jar;C:\Users\Abhishek_Bansile\.m2\repository\org\xerial\snappy\snappy-java\1.1.8.4\snappy-java-1.1.8.4.jar;C:\Users\Abhishek_Bansile\.m2\repository\org\lz4\lz4-java\1.8.0\lz4-java-1.8.0.jar;C:\Users\Abhishek_Bansile\.m2\repository\com\google\guava\guava\27.0-jre\guava-27.0-jre.jar;C:\Users\Abhishek_Bansile\.m2\repository\commons-cli\commons-cli\1.1\commons-cli-1.1.jar;C:\Users\Abhishek_Bansile\.m2\repository\commons-codec\commons-codec\1.9\commons-codec-1.9.jar;C:\Users\Abhishek_Bansile\.m2\repository\org\apache\commons\commons-lang3\3.11\commons-lang3-3.11.jar;C:\Users\Abhishek_Bansile\.m2\repository\org\apache\commons\commons-math3\3.2\commons-math3-3.2.jar;C:\Users\Abhishek_Bansile\.m2\repository\org\antlr\ST4\4.0.8\ST4-4.0.8.jar;C:\Users\Abhishek_Bansile\.m2\repository\org\antlr\antlr-runtime\3.5.2\antlr-runtime-3.5.2.jar;C:\Users\Abhishek_Bansile\.m2\repository\org\slf4j\log4j-over-slf4j\1.7.25\log4j-over-slf4j-1.7.25.jar;C:\Users\Abhishek_Bansile\.m2\repository\org\slf4j\jcl-over-slf4j\1.7.25\jcl-over-slf4j-1.7.25.jar;C:\Users\Abhishek_Bansile\.m2\repository\com\fasterxml\jackson\core\jackson-core\2.13.2\jackson-core-2.13.2.jar;C:\Users\Abhishek_Bansile\.m2\repository\com\fasterxml\jackson\core\jackson-databind\2.13.2.2\jackson-databind-2.13.2.2.jar;C:\Users\Abhishek_Bansile\.m2\repository\com\fasterxml\jackson\core\jackson-annotations\2.13.2\jackson-annotations-2.13.2.jar;C:\Users\Abhishek_Bansile\.m2\repository\com\fasterxml\jackson\datatype\jackson-datatype-jsr310\2.13.2\jackson-datatype-jsr310-2.13.2.jar;C:\Users\Abhishek_Bansile\.m2\repository\com\googlecode\json-simple\json-simple\1.1\json-simple-1.1.jar;C:\Users\Abhishek_Bansile\.m2\repository\com\boundary\high-scale-lib\1.0.6\high-scale-lib-1.0.6.jar;C:\Users\Abhishek_Bansile\.m2\repository\org\yaml\snakeyaml\1.26\snakeyaml-1.26.jar;C:\Users\Abhishek_Bansile\.m2\repository\org\mindrot\jbcrypt\0.4\jbcrypt-0.4.jar;C:\Users\Abhishek_Bansile\.m2\repository\io\airlift\airline\0.8\airline-0.8.jar;C:\Users\Abhishek_Bansile\.m2\repository\io\dropwizard\metrics\metrics-core\3.1.5\metrics-core-3.1.5.jar;C:\Users\Abhishek_Bansile\.m2\repository\io\dropwizard\metrics\metrics-jvm\3.1.5\metrics-jvm-3.1.5.jar;C:\Users\Abhishek_Bansile\.m2\repository\io\dropwizard\metrics\metrics-logback\3.1.5\metrics-logback-3.1.5.jar;C:\Users\Abhishek_Bansile\.m2\repository\com\addthis\metrics\reporter-config3\3.0.3\reporter-config3-3.0.3.jar;C:\Users\Abhishek_Bansile\.m2\repository\com\addthis\metrics\reporter-config-base\3.0.3\reporter-config-base-3.0.3.jar;C:\Users\Abhishek_Bansile\.m2\repository\com\clearspring\analytics\stream\2.5.2\stream-2.5.2.jar;C:\Users\Abhishek_Bansile\.m2\repository\ch\qos\logback\logback-core\1.2.9\logback-core-1.2.9.jar;C:\Users\Abhishek_Bansile\.m2\repository\ch\qos\logback\logback-classic\1.2.9\logback-classic-1.2.9.jar;C:\Users\Abhishek_Bansile\.m2\repository\net\java\dev\jna\jna\5.9.0\jna-5.9.0.jar;C:\Users\Abhishek_Bansile\.m2\repository\com\github\jbellis\jamm\0.3.2\jamm-0.3.2.jar;C:\Users\Abhishek_Bansile\.m2\repository\io\netty\netty-all\4.1.58.Final\netty-all-4.1.58.Final.jar;C:\Users\Abhishek_Bansile\.m2\repository\net\openhft\chronicle-queue\5.20.123\chronicle-queue-5.20.123.jar;C:\Users\Abhishek_Bansile\.m2\repository\net\openhft\chronicle-core\2.20.126\chronicle-core-2.20.126.jar;C:\Users\Abhishek_Bansile\.m2\repository\net\openhft\chronicle-bytes\2.20.111\chronicle-bytes-2.20.111.jar;C:\Users\Abhishek_Bansile\.m2\repository\net\openhft\chronicle-wire\2.20.117\chronicle-wire-2.20.117.jar;C:\Users\Abhishek_Bansile\.m2\repository\net\openhft\chronicle-threads\2.20.111\chronicle-threads-2.20.111.jar;C:\Users\Abhishek_Bansile\.m2\repository\org\fusesource\sigar\1.6.4\sigar-1.6.4.jar;C:\Users\Abhishek_Bansile\.m2\repository\org\eclipse\jdt\core\compiler\ecj\4.6.1\ecj-4.6.1.jar;C:\Users\Abhishek_Bansile\.m2\repository\org\caffinitas\ohc\ohc-core\0.5.1\ohc-core-0.5.1.jar;C:\Users\Abhishek_Bansile\.m2\repository\org\caffinitas\ohc\ohc-core-j8\0.5.1\ohc-core-j8-0.5.1.jar;C:\Users\Abhishek_Bansile\.m2\repository\com\github\ben-manes\caffeine\caffeine\2.9.2\caffeine-2.9.2.jar;C:\Users\Abhishek_Bansile\.m2\repository\org\checkerframework\checker-qual\3.10.0\checker-qual-3.10.0.jar;C:\Users\Abhishek_Bansile\.m2\repository\com\google\errorprone\error_prone_annotations\2.5.1\error_prone_annotations-2.5.1.jar;C:\Users\Abhishek_Bansile\.m2\repository\org\jctools\jctools-core\3.1.0\jctools-core-3.1.0.jar;C:\Users\Abhishek_Bansile\.m2\repository\org\ow2\asm\asm\9.1\asm-9.1.jar;C:\Users\Abhishek_Bansile\.m2\repository\com\carrotsearch\hppc\0.8.1\hppc-0.8.1.jar;C:\Users\Abhishek_Bansile\.m2\repository\org\gridkit\jvmtool\sjk-cli\0.14\sjk-cli-0.14.jar;C:\Users\Abhishek_Bansile\.m2\repository\org\gridkit\jvmtool\sjk-core\0.14\sjk-core-0.14.jar;C:\Users\Abhishek_Bansile\.m2\repository\org\gridkit\jvmtool\sjk-stacktrace\0.14\sjk-stacktrace-0.14.jar;C:\Users\Abhishek_Bansile\.m2\repository\org\gridkit\jvmtool\mxdump\0.14\mxdump-0.14.jar;C:\Users\Abhishek_Bansile\.m2\repository\org\gridkit\lab\jvm-attach-api\1.5\jvm-attach-api-1.5.jar;C:\Users\Abhishek_Bansile\.m2\repository\org\gridkit\jvmtool\sjk-json\0.14\sjk-json-0.14.jar;C:\Users\Abhishek_Bansile\.m2\repository\com\github\luben\zstd-jni\1.5.0-4\zstd-jni-1.5.0-4.jar;C:\Users\Abhishek_Bansile\.m2\repository\org\psjava\psjava\0.1.19\psjava-0.1.19.jar;C:\Users\Abhishek_Bansile\.m2\repository\io\netty\netty-tcnative-boringssl-static\2.0.36.Final\netty-tcnative-boringssl-static-2.0.36.Final.jar;C:\Users\Abhishek_Bansile\.m2\repository\javax\inject\javax.inject\1\javax.inject-1.jar;C:\Users\Abhishek_Bansile\.m2\repository\com\google\j2objc\j2objc-annotations\1.3\j2objc-annotations-1.3.jar;C:\Users\Abhishek_Bansile\.m2\repository\org\hdrhistogram\HdrHistogram\2.1.9\HdrHistogram-2.1.9.jar;C:\Users\Abhishek_Bansile\.m2\repository\de\jflex\jflex\1.8.2\jflex-1.8.2.jar;C:\Users\Abhishek_Bansile\.m2\repository\com\github\vbmacher\java-cup-runtime\11b-20160615\java-cup-runtime-11b-20160615.jar;C:\Users\Abhishek_Bansile\.m2\repository\com\github\rholder\snowball-stemmer\1.3.0.581.1\snowball-stemmer-1.3.0.581.1.jar;C:\Users\Abhishek_Bansile\.m2\repository\com\googlecode\concurrent-trees\concurrent-trees\2.4.0\concurrent-trees-2.4.0.jar;C:\Users\Abhishek_Bansile\.m2\repository\com\google\code\findbugs\jsr305\2.0.2\jsr305-2.0.2.jar;C:\Users\Abhishek_Bansile\.m2\repository\com\github\seancfoley\ipaddress\5.3.3\ipaddress-5.3.3.jar;"/>
    <property name="sun.cpu.endian" value="little"/>
    <property name="user.home" value="C:\Users\Abhishek_Bansile"/>
    <property name="user.language" value="en"/>
    <property name="java.specification.vendor" value="Oracle Corporation"/>
    <property name="java.version.date" value="2020-07-14"/>
    <property name="java.home" value="C:\Program Files\Java\jdk-14.0.2"/>
    <property name="file.separator" value="\"/>
    <property name="basedir" value="C:\RD Training - Jan 2023\rd-training-jan-2023\HomeTask\Module 04 - TestNG"/>
    <property name="java.vm.compressedOopsMode" value="Zero based"/>
    <property name="line.separator" value="&#10;"/>
    <property name="java.vm.specification.vendor" value="Oracle Corporation"/>
    <property name="java.specification.name" value="Java Platform API Specification"/>
    <property name="surefire.real.class.path" value="C:\Users\Abhishek_Bansile\AppData\Local\Temp\surefire8344324768771349439\surefirebooter-20230428105513270_3.jar"/>
    <property name="user.script" value=""/>
    <property name="sun.management.compiler" value="HotSpot 64-Bit Tiered Compilers"/>
    <property name="java.runtime.version" value="14.0.2+12-46"/>
    <property name="user.name" value="Abhishek_Bansile"/>
    <property name="path.separator" value=";"/>
    <property name="os.version" value="10.0"/>
    <property name="java.runtime.name" value="Java(TM) SE Runtime Environment"/>
    <property name="file.encoding" value="Cp1252"/>
    <property name="java.vm.name" value="Java HotSpot(TM) 64-Bit Server VM"/>
    <property name="localRepository" value="C:\Users\Abhishek_Bansile\.m2\repository"/>
    <property name="java.vendor.url.bug" value="https://bugreport.java.com/bugreport/"/>
    <property name="java.io.tmpdir" value="C:\Users\ABHISH~1\AppData\Local\Temp\"/>
    <property name="java.version" value="14.0.2"/>
    <property name="user.dir" value="C:\RD Training - Jan 2023\rd-training-jan-2023\HomeTask\Module 04 - TestNG"/>
    <property name="os.arch" value="amd64"/>
    <property name="java.vm.specification.name" value="Java Virtual Machine Specification"/>
    <property name="sun.os.patch.level" value=""/>
    <property name="java.library.path" value="C:\Program Files\Java\jdk-14.0.2\bin;C:\WINDOWS\Sun\Java\bin;C:\WINDOWS\system32;C:\WINDOWS;C:\Program Files\Common Files\Oracle\Java\javapath;C:\WINDOWS\system32;C:\WINDOWS;C:\WINDOWS\System32\Wbem;C:\WINDOWS\System32\WindowsPowerShell\v1.0\;C:\WINDOWS\System32\OpenSSH\;C:\Program Files\Git\cmd;C:\Program Files\Java\jdk-14.0.2\bin;C:\Users\Abhishek_Bansile\apache-maven-3.9.1\bin;C:\Program Files\MySQL\MySQL Shell 8.0\bin\;C:\Users\Abhishek_Bansile\AppData\Local\Microsoft\WindowsApps;;C:\Program Files\JetBrains\IntelliJ IDEA Community Edition 2022.3.3\bin;;."/>
    <property name="java.vm.info" value="mixed mode, sharing"/>
    <property name="java.vendor" value="Oracle Corporation"/>
    <property name="java.vm.version" value="14.0.2+12-46"/>
    <property name="sun.io.unicode.encoding" value="UnicodeLittle"/>
    <property name="java.class.version" value="58.0"/>
  </properties>
  <testcase name="verifyDiv[2.5, 4.5](1)" classname="com.epam.testng.CalculatorTest" time="0.002">
    <system-out><![CDATA[Before Suite
Before test
Before class
Before Method
]]></system-out>
  </testcase>
  <testcase name="verifyDiv[4.9E-324, 1.7976931348623157E308](2)" classname="com.epam.testng.CalculatorTest" time="0.006">
    <system-out><![CDATA[After Method
Before Method
]]></system-out>
  </testcase>
  <testcase name="verifyDiv[0, 5.95](3)" classname="com.epam.testng.CalculatorTest" time="0">
    <system-out><![CDATA[After Method
Before Method
]]></system-out>
  </testcase>
  <testcase name="verifyDiv[-5.5, 9](4)" classname="com.epam.testng.CalculatorTest" time="0">
    <system-out><![CDATA[After Method
Before Method
]]></system-out>
  </testcase>
  <testcase name="verifyDiv[5.5, -9](5)" classname="com.epam.testng.CalculatorTest" time="0">
    <system-out><![CDATA[After Method
Before Method
]]></system-out>
  </testcase>
  <testcase name="verifyDiv[1.7976931348623157E308, 4.9E-324](6)" classname="com.epam.testng.CalculatorTest" time="0">
    <system-out><![CDATA[After Method
Before Method
]]></system-out>
  </testcase>
  <testcase name="verifyDiv[2, 6](1)" classname="com.epam.testng.CalculatorTest" time="0">
    <system-out><![CDATA[After Method
Before Method
]]></system-out>
  </testcase>
  <testcase name="verifyDiv[0, 5](2)" classname="com.epam.testng.CalculatorTest" time="0">
    <system-out><![CDATA[After Method
Before Method
]]></system-out>
  </testcase>
  <testcase name="verifyDiv[9223372036854775807, 9223372036854775807](3)" classname="com.epam.testng.CalculatorTest" time="0">
    <system-out><![CDATA[After Method
Before Method
]]></system-out>
  </testcase>
  <testcase name="verifyDiv[-1, -4](4)" classname="com.epam.testng.CalculatorTest" time="0">
    <system-out><![CDATA[After Method
Before Method
]]></system-out>
  </testcase>
  <testcase name="verifyDiv[-5, 3](5)" classname="com.epam.testng.CalculatorTest" time="0">
    <system-out><![CDATA[After Method
Before Method
]]></system-out>
  </testcase>
  <testcase name="verifyDiv[5, -3](6)" classname="com.epam.testng.CalculatorTest" time="0">
    <system-out><![CDATA[After Method
Before Method
]]></system-out>
  </testcase>
  <testcase name="verifyDiv[-9223372036854775808, -9223372036854775808](7)" classname="com.epam.testng.CalculatorTest" time="0">
    <system-out><![CDATA[After Method
Before Method
]]></system-out>
  </testcase>
</testsuite>